<?xml version="1.0" encoding="UTF-8"?>
<!-- Generated by org.testng.reporters.JUnitXMLReporter -->
<testsuite hostname="SML-0687" name="Default test" tests="11" failures="0" timestamp="17 Apr 2018 11:40:13 GMT" time="233.062" errors="0">
  <testcase name="contaclLabelTest" time="0.094" classname="com.crm.qa.testcases.ContactPageTest"/>
  <testcase name="selectSingleContactTest" time="1.145" classname="com.crm.qa.testcases.ContactPageTest"/>
  <testcase name="selectMultipleContactTest" time="0.274" classname="com.crm.qa.testcases.ContactPageTest"/>
  <testcase name="validateCreateNewContactTest" time="3.201" classname="com.crm.qa.testcases.ContactPageTest"/>
  <testcase name="validateCreateNewContactTest" time="3.409" classname="com.crm.qa.testcases.ContactPageTest"/>
  <testcase name="validateCreateNewContactTest" time="3.409" classname="com.crm.qa.testcases.ContactPageTest"/>
  <testcase name="validateCreateNewContactTest" time="3.374" classname="com.crm.qa.testcases.ContactPageTest"/>
  <testcase name="verifyNewContactAddedTest" time="2.181" classname="com.crm.qa.testcases.ContactPageTest"/>
  <testcase name="verifyNewContactAddedTest" time="2.197" classname="com.crm.qa.testcases.ContactPageTest"/>
  <testcase name="verifyNewContactAddedTest" time="2.174" classname="com.crm.qa.testcases.ContactPageTest"/>
  <testcase name="verifyNewContactAddedTest" time="2.203" classname="com.crm.qa.testcases.ContactPageTest"/>
</testsuite> <!-- Default test -->
