<?xml version="1.0" encoding="UTF-8"?>
<!-- Generated by org.testng.reporters.JUnitXMLReporter -->
<testsuite hostname="SML-0687" name="Free CRM Test Cases" tests="10" failures="0" timestamp="13 Apr 2018 05:51:29 GMT" time="165.041" errors="0">
  <testcase name="VerifyLoginPageTitle" time="0.034" classname="com.crm.qa.testcases.LoginPageTest"/>
  <testcase name="VerifyCRMLogo" time="0.14" classname="com.crm.qa.testcases.LoginPageTest"/>
  <testcase name="Login" time="5.039" classname="com.crm.qa.testcases.LoginPageTest"/>
  <testcase name="verifyHomePageTitleTest" time="0.04" classname="com.crm.qa.testcases.HomePageTest"/>
  <testcase name="verifyUserLabelTest" time="0.221" classname="com.crm.qa.testcases.HomePageTest"/>
  <testcase name="verifyContactlinkTest" time="2.212" classname="com.crm.qa.testcases.HomePageTest"/>
  <testcase name="verifyDealslinkTest" time="0.211" classname="com.crm.qa.testcases.HomePageTest"/>
  <testcase name="contaclLabelTest" time="0.08" classname="com.crm.qa.testcases.ContactPageTest"/>
  <testcase name="selectSingleContactTest" time="1.153" classname="com.crm.qa.testcases.ContactPageTest"/>
  <testcase name="selectMultipleContactTest" time="0.252" classname="com.crm.qa.testcases.ContactPageTest"/>
</testsuite> <!-- Free CRM Test Cases -->
